<?xml version="1.0" encoding="UTF-8"?>
<!-- Generated by org.testng.reporters.JUnitReportReporter -->
<testsuite hostname="DESKTOP-NFJPRDI" failures="0" tests="4" name="api.test.UserTests" time="2.445" errors="0" timestamp="2024-06-28T13:44:42 EDT" skipped="0">
  <testcase classname="api.test.UserTests" name="TestPostUser" time="1.755"/>
  <testcase classname="api.test.UserTests" name="testGetUserByName" time="0.182"/>
  <testcase classname="api.test.UserTests" name="TestUpdateUserByName" time="0.338"/>
  <testcase classname="api.test.UserTests" name="testDeleteUserByName" time="0.170"/>
</testsuite> <!-- api.test.UserTests -->
