<?xml version="1.0" encoding="UTF-8"?>
<!-- Generated by org.testng.reporters.JUnitReportReporter -->
<testsuite hostname="DESKTOP-NFJPRDI" failures="0" tests="4" name="api.test.UserTests2" time="2.990" errors="0" timestamp="2024-06-28T18:34:31 EDT" skipped="0">
  <testcase classname="api.test.UserTests2" name="TestPostUser" time="2.297"/>
  <testcase classname="api.test.UserTests2" name="testGetUserByName" time="0.194"/>
  <testcase classname="api.test.UserTests2" name="TestUpdateUserByName" time="0.350"/>
  <testcase classname="api.test.UserTests2" name="testDeleteUserByName" time="0.149"/>
</testsuite> <!-- api.test.UserTests2 -->
